0 info it worked if it ends with ok
1 verbose cli [ 'C:\\Program Files\\nodejs\\node.exe',
1 verbose cli   'C:\\Program Files\\nodejs\\node_modules\\npm\\bin\\npm-cli.js',
1 verbose cli   'install',
1 verbose cli   'ngvideo' ]
2 info using npm@2.14.7
3 info using node@v4.2.1
4 verbose install initial load of C:\Users\DXC2762\Documents\Personal\prazor\package.json
5 verbose installManyTop reading scoped package data from C:\Users\DXC2762\Documents\Personal\prazor\node_modules\angular-touch\package.json
6 verbose readDependencies loading dependencies from C:\Users\DXC2762\Documents\Personal\prazor\package.json
7 silly cache add args [ 'ngvideo', null ]
8 verbose cache add spec ngvideo
9 silly cache add parsed spec Result {
9 silly cache add   raw: 'ngvideo',
9 silly cache add   scope: null,
9 silly cache add   name: 'ngvideo',
9 silly cache add   rawSpec: '',
9 silly cache add   spec: '*',
9 silly cache add   type: 'range' }
10 silly addNamed ngvideo@*
11 verbose addNamed "*" is a valid semver range for ngvideo
12 silly addNameRange { name: 'ngvideo', range: '*', hasData: false }
13 silly mapToRegistry name ngvideo
14 silly mapToRegistry using default registry
15 silly mapToRegistry registry https://registry.npmjs.org/
16 silly mapToRegistry uri https://registry.npmjs.org/ngvideo
17 verbose addNameRange registry:https://registry.npmjs.org/ngvideo not in flight; fetching
18 verbose request uri https://registry.npmjs.org/ngvideo
19 verbose request no auth needed
20 info attempt registry request try #1 at 12:34:30 AM
21 verbose request id d605567cee7d78ec
22 http request GET https://registry.npmjs.org/ngvideo
23 http 404 https://registry.npmjs.org/ngvideo
24 verbose headers { 'content-type': 'application/json',
24 verbose headers   'cache-control': 'max-age=0',
24 verbose headers   'content-length': '2',
24 verbose headers   'accept-ranges': 'bytes',
24 verbose headers   date: 'Wed, 13 Jan 2016 05:34:30 GMT',
24 verbose headers   via: '1.1 varnish',
24 verbose headers   age: '0',
24 verbose headers   connection: 'keep-alive',
24 verbose headers   'x-served-by': 'cache-iad2137-IAD',
24 verbose headers   'x-cache': 'MISS',
24 verbose headers   'x-cache-hits': '0',
24 verbose headers   'x-timer': 'S1452663270.311344,VS0,VE58' }
25 silly get cb [ 404,
25 silly get   { 'content-type': 'application/json',
25 silly get     'cache-control': 'max-age=0',
25 silly get     'content-length': '2',
25 silly get     'accept-ranges': 'bytes',
25 silly get     date: 'Wed, 13 Jan 2016 05:34:30 GMT',
25 silly get     via: '1.1 varnish',
25 silly get     age: '0',
25 silly get     connection: 'keep-alive',
25 silly get     'x-served-by': 'cache-iad2137-IAD',
25 silly get     'x-cache': 'MISS',
25 silly get     'x-cache-hits': '0',
25 silly get     'x-timer': 'S1452663270.311344,VS0,VE58' } ]
26 verbose stack Error: Registry returned 404 for GET on https://registry.npmjs.org/ngvideo
26 verbose stack     at makeError (C:\Program Files\nodejs\node_modules\npm\node_modules\npm-registry-client\lib\request.js:264:12)
26 verbose stack     at CachingRegistryClient.<anonymous> (C:\Program Files\nodejs\node_modules\npm\node_modules\npm-registry-client\lib\request.js:242:14)
26 verbose stack     at Request._callback (C:\Program Files\nodejs\node_modules\npm\node_modules\npm-registry-client\lib\request.js:172:14)
26 verbose stack     at Request.self.callback (C:\Program Files\nodejs\node_modules\npm\node_modules\request\request.js:198:22)
26 verbose stack     at emitTwo (events.js:87:13)
26 verbose stack     at Request.emit (events.js:172:7)
26 verbose stack     at Request.<anonymous> (C:\Program Files\nodejs\node_modules\npm\node_modules\request\request.js:1063:14)
26 verbose stack     at emitOne (events.js:82:20)
26 verbose stack     at Request.emit (events.js:169:7)
26 verbose stack     at IncomingMessage.<anonymous> (C:\Program Files\nodejs\node_modules\npm\node_modules\request\request.js:1009:12)
27 verbose statusCode 404
28 verbose pkgid ngvideo
29 verbose cwd C:\Users\DXC2762\Documents\Personal\prazor\public_html
30 error Windows_NT 6.1.7601
31 error argv "C:\\Program Files\\nodejs\\node.exe" "C:\\Program Files\\nodejs\\node_modules\\npm\\bin\\npm-cli.js" "install" "ngvideo"
32 error node v4.2.1
33 error npm  v2.14.7
34 error code E404
35 error 404 Registry returned 404 for GET on https://registry.npmjs.org/ngvideo
35 error 404
35 error 404 'ngvideo' is not in the npm registry.
35 error 404 You should bug the author to publish it (or use the name yourself!)
35 error 404
35 error 404 Note that you can also install from a
35 error 404 tarball, folder, http url, or git url.
36 verbose exit [ 1, true ]
